<?xml version="1.0" encoding="UTF-8"?>
<!-- Generated by org.testng.reporters.JUnitReportReporter -->
<testsuite hostname="Dip-PC" failures="0" tests="1" name="sele.Multipldropdown" time="55.488" errors="0" timestamp="31 Jan 2019 19:36:12 GMT">
  <testcase classname="sele.Multipldropdown" name="dropdown" time="55.488"/>
</testsuite> <!-- sele.Multipldropdown -->
