<?xml version="1.0" encoding="UTF-8"?>
<!-- Generated by org.testng.reporters.JUnitReportReporter -->
<testsuite hostname="Dip-PC" failures="0" tests="1" name="sele.NewTest" time="71.616" errors="0" timestamp="29 Jan 2019 15:53:21 GMT">
  <testcase classname="sele.NewTest" name="f" time="71.616"/>
</testsuite> <!-- sele.NewTest -->
